[INFO 2020-06-09 10:24:29]解析yaml, Path:/Users/wangxiaoying/workspace/NewBilling-test-master/Params/Yaml/Order.yaml
[ERROR 2020-06-09 10:24:31]Response body Does not contain expected_msg, expected_msg is order_id
[INFO 2020-06-09 10:27:07]解析yaml, Path:/Users/wangxiaoying/workspace/NewBilling-test-master/Params/Yaml/Order.yaml
[ERROR 2020-06-09 10:27:09]Response body Does not contain expected_msg, expected_msg is order_id
[INFO 2020-06-09 10:27:21]解析yaml, Path:/Users/wangxiaoying/workspace/NewBilling-test-master/Params/Yaml/Order.yaml
[ERROR 2020-06-09 10:27:23]Response body Does not contain expected_msg, expected_msg is order_id
[INFO 2020-06-09 10:28:20]解析yaml, Path:/Users/wangxiaoying/workspace/NewBilling-test-master/Params/Yaml/Order.yaml
[ERROR 2020-06-09 10:28:22]Response body Does not contain expected_msg, expected_msg is order_id
[INFO 2020-06-09 13:45:33]解析yaml, Path:/Users/wangxiaoying/workspace/NewBilling-test-master/Params/Yaml/Order.yaml
[INFO 2020-06-09 13:47:13]初始化配置文件, path=/Users/wangxiaoying/workspace/NewBilling-test-master/Conf/config.ini
[INFO 2020-06-09 13:47:13]解析yaml, Path:/Users/wangxiaoying/workspace/NewBilling-test-master/Params/Yaml/Order.yaml
[INFO 2020-06-09 13:48:15]解析yaml, Path:/Users/wangxiaoying/workspace/NewBilling-test-master/Params/Yaml/Order.yaml
[INFO 2020-06-09 13:48:37]解析yaml, Path:/Users/wangxiaoying/workspace/NewBilling-test-master/Params/Yaml/Order.yaml
[INFO 2020-06-09 13:54:46]解析yaml, Path:/Users/wangxiaoying/workspace/NewBilling-test-master/Params/Yaml/Order.yaml
[INFO 2020-06-09 14:07:44]初始化配置文件, path=/Users/wangxiaoying/workspace/NewBilling-test-master/Conf/config.ini
[INFO 2020-06-09 14:07:44]解析yaml, Path:/Users/wangxiaoying/workspace/NewBilling-test-master/Params/Yaml/Order.yaml
[INFO 2020-06-09 14:09:49]初始化配置文件, path=/Users/wangxiaoying/workspace/NewBilling-test-master/Conf/config.ini
[INFO 2020-06-09 14:09:49]解析yaml, Path:/Users/wangxiaoying/workspace/NewBilling-test-master/Params/Yaml/Order.yaml
[INFO 2020-06-09 14:32:31]初始化配置文件, path=/Users/wangxiaoying/workspace/NewBilling-test-master/Conf/config.ini
[INFO 2020-06-09 14:32:32]解析yaml, Path:/Users/wangxiaoying/workspace/NewBilling-test-master/Params/Yaml/Order.yaml
[INFO 2020-06-09 14:35:25]初始化配置文件, path=/Users/wangxiaoying/workspace/NewBilling-test-master/Conf/config.ini
[INFO 2020-06-09 14:35:25]解析yaml, Path:/Users/wangxiaoying/workspace/NewBilling-test-master/Params/Yaml/Order.yaml
[INFO 2020-06-09 14:40:27]解析yaml, Path:/Users/wangxiaoying/workspace/NewBilling-test-master/Params/Yaml/Order.yaml
[ERROR 2020-06-09 14:40:29]Response body Does not contain expected_msg, expected_msg is order_id
[INFO 2020-06-09 14:43:56]解析yaml, Path:/Users/wangxiaoying/workspace/NewBilling-test-master/Params/Yaml/Order.yaml
[ERROR 2020-06-09 14:43:58]Response body Does not contain expected_msg, expected_msg is order_id
[INFO 2020-06-09 14:47:20]解析yaml, Path:/Users/wangxiaoying/workspace/NewBilling-test-master/Params/Yaml/Order.yaml
[INFO 2020-06-09 14:55:18]解析yaml, Path:/Users/wangxiaoying/workspace/NewBilling-test-master/Params/Yaml/Order.yaml
[INFO 2020-06-09 14:59:28]解析yaml, Path:/Users/wangxiaoying/workspace/NewBilling-test-master/Params/Yaml/Order.yaml
[INFO 2020-06-09 15:15:25]解析yaml, Path:/Users/wangxiaoying/workspace/NewBilling-test-master/Params/Yaml/Order.yaml
[INFO 2020-06-09 15:16:49]解析yaml, Path:/Users/wangxiaoying/workspace/NewBilling-test-master/Params/Yaml/Order.yaml
[INFO 2020-06-09 15:17:15]解析yaml, Path:/Users/wangxiaoying/workspace/NewBilling-test-master/Params/Yaml/Order.yaml
[INFO 2020-06-09 15:18:06]解析yaml, Path:/Users/wangxiaoying/workspace/NewBilling-test-master/Params/Yaml/Order.yaml
[INFO 2020-06-09 15:21:01]解析yaml, Path:/Users/wangxiaoying/workspace/NewBilling-test-master/Params/Yaml/Order.yaml
[INFO 2020-06-09 16:15:53]解析yaml, Path:/Users/wangxiaoying/workspace/NewBilling-test-master/Params/Yaml/Order.yaml
[INFO 2020-06-09 16:37:12]解析yaml, Path:/Users/wangxiaoying/workspace/NewBilling-test-master/Params/Yaml/Order.yaml
[INFO 2020-06-09 16:38:13]解析yaml, Path:/Users/wangxiaoying/workspace/NewBilling-test-master/Params/Yaml/Order.yaml
[INFO 2020-06-09 16:38:47]解析yaml, Path:/Users/wangxiaoying/workspace/NewBilling-test-master/Params/Yaml/Order.yaml
[INFO 2020-06-10 18:19:12]初始化配置文件, path=/Users/wangxiaoying/workspace/NewBilling-test-master/Conf/config.ini
[INFO 2020-06-10 18:19:12]解析yaml, Path:/Users/wangxiaoying/workspace/NewBilling-test-master/Params/Yaml/Order.yaml
[INFO 2020-06-10 18:23:11]解析yaml, Path:/Users/wangxiaoying/workspace/NewBilling-test-master/Params/Yaml/Order.yaml
[INFO 2020-06-10 18:24:23]解析yaml, Path:/Users/wangxiaoying/workspace/NewBilling-test-master/Params/Yaml/Order.yaml
[INFO 2020-06-10 18:29:44]初始化配置文件, path=/Users/wangxiaoying/workspace/NewBilling-test-master/Conf/config.ini
[INFO 2020-06-10 18:29:44]解析yaml, Path:/Users/wangxiaoying/workspace/NewBilling-test-master/Params/Yaml/Order.yaml
[INFO 2020-06-10 18:37:21]解析yaml, Path:/Users/wangxiaoying/workspace/NewBilling-test-master/Params/Yaml/Order.yaml
[INFO 2020-06-10 18:51:13]解析yaml, Path:/Users/wangxiaoying/workspace/NewBilling-test-master/Params/Yaml/Order.yaml
[ERROR 2020-06-10 18:51:14]statusCode error, expected_code is paid, statusCode is (('paid',),) 
[INFO 2020-06-10 18:55:24]解析yaml, Path:/Users/wangxiaoying/workspace/NewBilling-test-master/Params/Yaml/Order.yaml
[ERROR 2020-06-10 18:55:25]statusCode error, expected_code is paid, statusCode is (('paid',),) 
[INFO 2020-06-10 18:57:09]解析yaml, Path:/Users/wangxiaoying/workspace/NewBilling-test-master/Params/Yaml/Order.yaml
[ERROR 2020-06-10 18:57:10]statusCode error, expected_code is paid, statusCode is ('paid',) 
[INFO 2020-06-10 18:57:33]解析yaml, Path:/Users/wangxiaoying/workspace/NewBilling-test-master/Params/Yaml/Order.yaml
[INFO 2020-06-10 19:08:43]解析yaml, Path:/Users/wangxiaoying/workspace/NewBilling-test-master/Params/Yaml/Order.yaml
[INFO 2020-06-10 19:13:36]初始化配置文件, path=/Users/wangxiaoying/workspace/NewBilling-test-master/Conf/config.ini
[INFO 2020-06-10 19:13:36]解析yaml, Path:/Users/wangxiaoying/workspace/NewBilling-test-master/Params/Yaml/Order.yaml
[INFO 2020-06-10 19:16:04]初始化配置文件, path=/Users/wangxiaoying/workspace/NewBilling-test-master/Conf/config.ini
[INFO 2020-06-10 19:16:05]解析yaml, Path:/Users/wangxiaoying/workspace/NewBilling-test-master/Params/Yaml/Order.yaml
[INFO 2020-06-10 19:19:50]初始化配置文件, path=/Users/wangxiaoying/workspace/NewBilling-test-master/Conf/config.ini
[INFO 2020-06-10 19:19:50]解析yaml, Path:/Users/wangxiaoying/workspace/NewBilling-test-master/Params/Yaml/Order.yaml
